State 19 conflicts: 1 shift/reduce
State 23 conflicts: 1 shift/reduce
State 129 conflicts: 1 shift/reduce


Grammar

    0 $accept: program $end

    1 program: '{' prikazy '}'

    2 prikazy: prikaz prikazy
    3        | /* empty */

    4 prikaz: '{' prikazy '}'
    5       | vyraz ';'
    6       | ';'
    7       | IF '(' vyraz ')' prikaz
    8       | IF '(' vyraz ')' prikaz ELSE prikaz
    9       | FOR '(' vyrazf ';' vyraz ';' vyrazf ')' prikaz
   10       | WHILE '(' vyraz ')' prikaz
   11       | DO prikaz WHILE '(' vyraz ')' ';'
   12       | '{' prikazy error '}'
   13       | error ';'

   14 vyrazf: vyraz
   15       | /* empty */

   16 prikaz: PRINT '(' vyraz ')' ';'
   17       | PRINT '(' retez ')' ';'
   18       | PRINT '(' retez ',' vyraz ')' ';'
   19       | SCAN '(' promenna ')' ';'

   20 retez: RETEZ

   21 vyraz: INKREM promenna
   22      | DEKREM promenna
   23      | promenna INKREM
   24      | promenna DEKREM
   25      | '!' vyraz
   26      | NOT vyraz
   27      | '~' vyraz
   28      | vyraz '*' vyraz
   29      | vyraz '/' vyraz
   30      | vyraz '%' vyraz
   31      | vyraz '+' vyraz
   32      | vyraz '-' vyraz
   33      | vyraz POSUNVLEVO vyraz
   34      | vyraz POSUNVPRAVO vyraz
   35      | vyraz '<' vyraz
   36      | vyraz '>' vyraz
   37      | vyraz MENSIROVNO vyraz
   38      | vyraz VETSIROVNO vyraz
   39      | vyraz ROVNO vyraz
   40      | vyraz NENIROVNO vyraz
   41      | vyraz '&' vyraz
   42      | vyraz '^' vyraz
   43      | vyraz '|' vyraz
   44      | vyraz AND vyraz
   45      | vyraz OR vyraz
   46      | promenna '=' vyraz
   47      | promenna P_NASOB vyraz
   48      | promenna P_DELEN vyraz
   49      | promenna P_MODUL vyraz
   50      | promenna P_PRICT vyraz
   51      | promenna P_ODECT vyraz
   52      | promenna P_POSUNVLEVO vyraz
   53      | promenna P_POSUNVPRAVO vyraz
   54      | promenna P_AND vyraz
   55      | promenna P_XOR vyraz
   56      | promenna P_OR vyraz
   57      | '-' vyraz
   58      | '+' vyraz
   59      | '(' vyraz ')'
   60      | promenna
   61      | CISLO
   62      | '(' error ')'

   63 promenna: PROMENNA


Terminals, with rules where they appear

$end (0) 0
'!' (33) 25
'%' (37) 30
'&' (38) 41
'(' (40) 7 8 9 10 11 16 17 18 19 59 62
')' (41) 7 8 9 10 11 16 17 18 19 59 62
'*' (42) 28
'+' (43) 31 58
',' (44) 18
'-' (45) 32 57
'/' (47) 29
';' (59) 5 6 9 11 13 16 17 18 19
'<' (60) 35
'=' (61) 46
'>' (62) 36
'^' (94) 42
'{' (123) 1 4 12
'|' (124) 43
'}' (125) 1 4 12
'~' (126) 27
error (256) 12 13 62
CISLO (258) 61
RETEZ (259) 20
PROMENNA (260) 63
IF (261) 7 8
ELSE (262) 8
FOR (263) 9
WHILE (264) 10 11
DO (265) 11
PRINT (266) 16 17 18
SCAN (267) 19
P_OR (268) 56
P_XOR (269) 55
P_AND (270) 54
P_POSUNVPRAVO (271) 53
P_POSUNVLEVO (272) 52
P_ODECT (273) 51
P_PRICT (274) 50
P_MODUL (275) 49
P_DELEN (276) 48
P_NASOB (277) 47
OR (278) 45
AND (279) 44
NENIROVNO (280) 40
ROVNO (281) 39
VETSIROVNO (282) 38
MENSIROVNO (283) 37
POSUNVPRAVO (284) 34
POSUNVLEVO (285) 33
PLUS (286)
MINUS (287)
NOT (288) 26
DEKREM (289) 22 24
INKREM (290) 21 23


Nonterminals, with rules where they appear

$accept (55)
    on left: 0
program (56)
    on left: 1, on right: 0
prikazy (57)
    on left: 2 3, on right: 1 2 4 12
prikaz (58)
    on left: 4 5 6 7 8 9 10 11 12 13 16 17 18 19, on right: 2 7 8 9
    10 11
vyrazf (59)
    on left: 14 15, on right: 9
retez (60)
    on left: 20, on right: 17 18
vyraz (61)
    on left: 21 22 23 24 25 26 27 28 29 30 31 32 33 34 35 36 37 38
    39 40 41 42 43 44 45 46 47 48 49 50 51 52 53 54 55 56 57 58 59
    60 61 62, on right: 5 7 8 9 10 11 14 16 18 25 26 27 28 29 30 31
    32 33 34 35 36 37 38 39 40 41 42 43 44 45 46 47 48 49 50 51 52
    53 54 55 56 57 58 59
promenna (62)
    on left: 63, on right: 19 21 22 23 24 46 47 48 49 50 51 52 53 54
    55 56 60


state 0

    0 $accept: . program $end

    '{'  shift, and go to state 1

    program  go to state 2


state 1

    1 program: '{' . prikazy '}'

    error     shift, and go to state 3
    CISLO     shift, and go to state 4
    PROMENNA  shift, and go to state 5
    IF        shift, and go to state 6
    FOR       shift, and go to state 7
    WHILE     shift, and go to state 8
    DO        shift, and go to state 9
    PRINT     shift, and go to state 10
    SCAN      shift, and go to state 11
    '+'       shift, and go to state 12
    '-'       shift, and go to state 13
    '!'       shift, and go to state 14
    '~'       shift, and go to state 15
    NOT       shift, and go to state 16
    DEKREM    shift, and go to state 17
    INKREM    shift, and go to state 18
    '{'       shift, and go to state 19
    ';'       shift, and go to state 20
    '('       shift, and go to state 21

    '}'  reduce using rule 3 (prikazy)

    prikazy   go to state 22
    prikaz    go to state 23
    vyraz     go to state 24
    promenna  go to state 25


state 2

    0 $accept: program . $end

    $end  shift, and go to state 26


state 3

   13 prikaz: error . ';'

    ';'  shift, and go to state 27


state 4

   61 vyraz: CISLO .

    $default  reduce using rule 61 (vyraz)


state 5

   63 promenna: PROMENNA .

    $default  reduce using rule 63 (promenna)


state 6

    7 prikaz: IF . '(' vyraz ')' prikaz
    8       | IF . '(' vyraz ')' prikaz ELSE prikaz

    '('  shift, and go to state 28


state 7

    9 prikaz: FOR . '(' vyrazf ';' vyraz ';' vyrazf ')' prikaz

    '('  shift, and go to state 29


state 8

   10 prikaz: WHILE . '(' vyraz ')' prikaz

    '('  shift, and go to state 30


state 9

   11 prikaz: DO . prikaz WHILE '(' vyraz ')' ';'

    error     shift, and go to state 3
    CISLO     shift, and go to state 4
    PROMENNA  shift, and go to state 5
    IF        shift, and go to state 6
    FOR       shift, and go to state 7
    WHILE     shift, and go to state 8
    DO        shift, and go to state 9
    PRINT     shift, and go to state 10
    SCAN      shift, and go to state 11
    '+'       shift, and go to state 12
    '-'       shift, and go to state 13
    '!'       shift, and go to state 14
    '~'       shift, and go to state 15
    NOT       shift, and go to state 16
    DEKREM    shift, and go to state 17
    INKREM    shift, and go to state 18
    '{'       shift, and go to state 19
    ';'       shift, and go to state 20
    '('       shift, and go to state 21

    prikaz    go to state 31
    vyraz     go to state 24
    promenna  go to state 25


state 10

   16 prikaz: PRINT . '(' vyraz ')' ';'
   17       | PRINT . '(' retez ')' ';'
   18       | PRINT . '(' retez ',' vyraz ')' ';'

    '('  shift, and go to state 32


state 11

   19 prikaz: SCAN . '(' promenna ')' ';'

    '('  shift, and go to state 33


state 12

   58 vyraz: '+' . vyraz

    CISLO     shift, and go to state 4
    PROMENNA  shift, and go to state 5
    '+'       shift, and go to state 12
    '-'       shift, and go to state 13
    '!'       shift, and go to state 14
    '~'       shift, and go to state 15
    NOT       shift, and go to state 16
    DEKREM    shift, and go to state 17
    INKREM    shift, and go to state 18
    '('       shift, and go to state 21

    vyraz     go to state 34
    promenna  go to state 25


state 13

   57 vyraz: '-' . vyraz

    CISLO     shift, and go to state 4
    PROMENNA  shift, and go to state 5
    '+'       shift, and go to state 12
    '-'       shift, and go to state 13
    '!'       shift, and go to state 14
    '~'       shift, and go to state 15
    NOT       shift, and go to state 16
    DEKREM    shift, and go to state 17
    INKREM    shift, and go to state 18
    '('       shift, and go to state 21

    vyraz     go to state 35
    promenna  go to state 25


state 14

   25 vyraz: '!' . vyraz

    CISLO     shift, and go to state 4
    PROMENNA  shift, and go to state 5
    '+'       shift, and go to state 12
    '-'       shift, and go to state 13
    '!'       shift, and go to state 14
    '~'       shift, and go to state 15
    NOT       shift, and go to state 16
    DEKREM    shift, and go to state 17
    INKREM    shift, and go to state 18
    '('       shift, and go to state 21

    vyraz     go to state 36
    promenna  go to state 25


state 15

   27 vyraz: '~' . vyraz

    CISLO     shift, and go to state 4
    PROMENNA  shift, and go to state 5
    '+'       shift, and go to state 12
    '-'       shift, and go to state 13
    '!'       shift, and go to state 14
    '~'       shift, and go to state 15
    NOT       shift, and go to state 16
    DEKREM    shift, and go to state 17
    INKREM    shift, and go to state 18
    '('       shift, and go to state 21

    vyraz     go to state 37
    promenna  go to state 25


state 16

   26 vyraz: NOT . vyraz

    CISLO     shift, and go to state 4
    PROMENNA  shift, and go to state 5
    '+'       shift, and go to state 12
    '-'       shift, and go to state 13
    '!'       shift, and go to state 14
    '~'       shift, and go to state 15
    NOT       shift, and go to state 16
    DEKREM    shift, and go to state 17
    INKREM    shift, and go to state 18
    '('       shift, and go to state 21

    vyraz     go to state 38
    promenna  go to state 25


state 17

   22 vyraz: DEKREM . promenna

    PROMENNA  shift, and go to state 5

    promenna  go to state 39


state 18

   21 vyraz: INKREM . promenna

    PROMENNA  shift, and go to state 5

    promenna  go to state 40


state 19

    4 prikaz: '{' . prikazy '}'
   12       | '{' . prikazy error '}'

    error     shift, and go to state 3
    CISLO     shift, and go to state 4
    PROMENNA  shift, and go to state 5
    IF        shift, and go to state 6
    FOR       shift, and go to state 7
    WHILE     shift, and go to state 8
    DO        shift, and go to state 9
    PRINT     shift, and go to state 10
    SCAN      shift, and go to state 11
    '+'       shift, and go to state 12
    '-'       shift, and go to state 13
    '!'       shift, and go to state 14
    '~'       shift, and go to state 15
    NOT       shift, and go to state 16
    DEKREM    shift, and go to state 17
    INKREM    shift, and go to state 18
    '{'       shift, and go to state 19
    ';'       shift, and go to state 20
    '('       shift, and go to state 21

    error  [reduce using rule 3 (prikazy)]
    '}'    reduce using rule 3 (prikazy)

    prikazy   go to state 41
    prikaz    go to state 23
    vyraz     go to state 24
    promenna  go to state 25


state 20

    6 prikaz: ';' .

    $default  reduce using rule 6 (prikaz)


state 21

   59 vyraz: '(' . vyraz ')'
   62      | '(' . error ')'

    error     shift, and go to state 42
    CISLO     shift, and go to state 4
    PROMENNA  shift, and go to state 5
    '+'       shift, and go to state 12
    '-'       shift, and go to state 13
    '!'       shift, and go to state 14
    '~'       shift, and go to state 15
    NOT       shift, and go to state 16
    DEKREM    shift, and go to state 17
    INKREM    shift, and go to state 18
    '('       shift, and go to state 21

    vyraz     go to state 43
    promenna  go to state 25


state 22

    1 program: '{' prikazy . '}'

    '}'  shift, and go to state 44


state 23

    2 prikazy: prikaz . prikazy

    error     shift, and go to state 3
    CISLO     shift, and go to state 4
    PROMENNA  shift, and go to state 5
    IF        shift, and go to state 6
    FOR       shift, and go to state 7
    WHILE     shift, and go to state 8
    DO        shift, and go to state 9
    PRINT     shift, and go to state 10
    SCAN      shift, and go to state 11
    '+'       shift, and go to state 12
    '-'       shift, and go to state 13
    '!'       shift, and go to state 14
    '~'       shift, and go to state 15
    NOT       shift, and go to state 16
    DEKREM    shift, and go to state 17
    INKREM    shift, and go to state 18
    '{'       shift, and go to state 19
    ';'       shift, and go to state 20
    '('       shift, and go to state 21

    error  [reduce using rule 3 (prikazy)]
    '}'    reduce using rule 3 (prikazy)

    prikazy   go to state 45
    prikaz    go to state 23
    vyraz     go to state 24
    promenna  go to state 25


state 24

    5 prikaz: vyraz . ';'
   28 vyraz: vyraz . '*' vyraz
   29      | vyraz . '/' vyraz
   30      | vyraz . '%' vyraz
   31      | vyraz . '+' vyraz
   32      | vyraz . '-' vyraz
   33      | vyraz . POSUNVLEVO vyraz
   34      | vyraz . POSUNVPRAVO vyraz
   35      | vyraz . '<' vyraz
   36      | vyraz . '>' vyraz
   37      | vyraz . MENSIROVNO vyraz
   38      | vyraz . VETSIROVNO vyraz
   39      | vyraz . ROVNO vyraz
   40      | vyraz . NENIROVNO vyraz
   41      | vyraz . '&' vyraz
   42      | vyraz . '^' vyraz
   43      | vyraz . '|' vyraz
   44      | vyraz . AND vyraz
   45      | vyraz . OR vyraz

    OR           shift, and go to state 46
    AND          shift, and go to state 47
    '|'          shift, and go to state 48
    '^'          shift, and go to state 49
    '&'          shift, and go to state 50
    NENIROVNO    shift, and go to state 51
    ROVNO        shift, and go to state 52
    '<'          shift, and go to state 53
    '>'          shift, and go to state 54
    VETSIROVNO   shift, and go to state 55
    MENSIROVNO   shift, and go to state 56
    POSUNVPRAVO  shift, and go to state 57
    POSUNVLEVO   shift, and go to state 58
    '+'          shift, and go to state 59
    '-'          shift, and go to state 60
    '*'          shift, and go to state 61
    '/'          shift, and go to state 62
    '%'          shift, and go to state 63
    ';'          shift, and go to state 64


state 25

   23 vyraz: promenna . INKREM
   24      | promenna . DEKREM
   46      | promenna . '=' vyraz
   47      | promenna . P_NASOB vyraz
   48      | promenna . P_DELEN vyraz
   49      | promenna . P_MODUL vyraz
   50      | promenna . P_PRICT vyraz
   51      | promenna . P_ODECT vyraz
   52      | promenna . P_POSUNVLEVO vyraz
   53      | promenna . P_POSUNVPRAVO vyraz
   54      | promenna . P_AND vyraz
   55      | promenna . P_XOR vyraz
   56      | promenna . P_OR vyraz
   60      | promenna .

    '='            shift, and go to state 65
    P_OR           shift, and go to state 66
    P_XOR          shift, and go to state 67
    P_AND          shift, and go to state 68
    P_POSUNVPRAVO  shift, and go to state 69
    P_POSUNVLEVO   shift, and go to state 70
    P_ODECT        shift, and go to state 71
    P_PRICT        shift, and go to state 72
    P_MODUL        shift, and go to state 73
    P_DELEN        shift, and go to state 74
    P_NASOB        shift, and go to state 75
    DEKREM         shift, and go to state 76
    INKREM         shift, and go to state 77

    $default  reduce using rule 60 (vyraz)


state 26

    0 $accept: program $end .

    $default  accept


state 27

   13 prikaz: error ';' .

    $default  reduce using rule 13 (prikaz)


state 28

    7 prikaz: IF '(' . vyraz ')' prikaz
    8       | IF '(' . vyraz ')' prikaz ELSE prikaz

    CISLO     shift, and go to state 4
    PROMENNA  shift, and go to state 5
    '+'       shift, and go to state 12
    '-'       shift, and go to state 13
    '!'       shift, and go to state 14
    '~'       shift, and go to state 15
    NOT       shift, and go to state 16
    DEKREM    shift, and go to state 17
    INKREM    shift, and go to state 18
    '('       shift, and go to state 21

    vyraz     go to state 78
    promenna  go to state 25


state 29

    9 prikaz: FOR '(' . vyrazf ';' vyraz ';' vyrazf ')' prikaz

    CISLO     shift, and go to state 4
    PROMENNA  shift, and go to state 5
    '+'       shift, and go to state 12
    '-'       shift, and go to state 13
    '!'       shift, and go to state 14
    '~'       shift, and go to state 15
    NOT       shift, and go to state 16
    DEKREM    shift, and go to state 17
    INKREM    shift, and go to state 18
    '('       shift, and go to state 21

    $default  reduce using rule 15 (vyrazf)

    vyrazf    go to state 79
    vyraz     go to state 80
    promenna  go to state 25


state 30

   10 prikaz: WHILE '(' . vyraz ')' prikaz

    CISLO     shift, and go to state 4
    PROMENNA  shift, and go to state 5
    '+'       shift, and go to state 12
    '-'       shift, and go to state 13
    '!'       shift, and go to state 14
    '~'       shift, and go to state 15
    NOT       shift, and go to state 16
    DEKREM    shift, and go to state 17
    INKREM    shift, and go to state 18
    '('       shift, and go to state 21

    vyraz     go to state 81
    promenna  go to state 25


state 31

   11 prikaz: DO prikaz . WHILE '(' vyraz ')' ';'

    WHILE  shift, and go to state 82


state 32

   16 prikaz: PRINT '(' . vyraz ')' ';'
   17       | PRINT '(' . retez ')' ';'
   18       | PRINT '(' . retez ',' vyraz ')' ';'

    CISLO     shift, and go to state 4
    RETEZ     shift, and go to state 83
    PROMENNA  shift, and go to state 5
    '+'       shift, and go to state 12
    '-'       shift, and go to state 13
    '!'       shift, and go to state 14
    '~'       shift, and go to state 15
    NOT       shift, and go to state 16
    DEKREM    shift, and go to state 17
    INKREM    shift, and go to state 18
    '('       shift, and go to state 21

    retez     go to state 84
    vyraz     go to state 85
    promenna  go to state 25


state 33

   19 prikaz: SCAN '(' . promenna ')' ';'

    PROMENNA  shift, and go to state 5

    promenna  go to state 86


state 34

   28 vyraz: vyraz . '*' vyraz
   29      | vyraz . '/' vyraz
   30      | vyraz . '%' vyraz
   31      | vyraz . '+' vyraz
   32      | vyraz . '-' vyraz
   33      | vyraz . POSUNVLEVO vyraz
   34      | vyraz . POSUNVPRAVO vyraz
   35      | vyraz . '<' vyraz
   36      | vyraz . '>' vyraz
   37      | vyraz . MENSIROVNO vyraz
   38      | vyraz . VETSIROVNO vyraz
   39      | vyraz . ROVNO vyraz
   40      | vyraz . NENIROVNO vyraz
   41      | vyraz . '&' vyraz
   42      | vyraz . '^' vyraz
   43      | vyraz . '|' vyraz
   44      | vyraz . AND vyraz
   45      | vyraz . OR vyraz
   58      | '+' vyraz .

    $default  reduce using rule 58 (vyraz)


state 35

   28 vyraz: vyraz . '*' vyraz
   29      | vyraz . '/' vyraz
   30      | vyraz . '%' vyraz
   31      | vyraz . '+' vyraz
   32      | vyraz . '-' vyraz
   33      | vyraz . POSUNVLEVO vyraz
   34      | vyraz . POSUNVPRAVO vyraz
   35      | vyraz . '<' vyraz
   36      | vyraz . '>' vyraz
   37      | vyraz . MENSIROVNO vyraz
   38      | vyraz . VETSIROVNO vyraz
   39      | vyraz . ROVNO vyraz
   40      | vyraz . NENIROVNO vyraz
   41      | vyraz . '&' vyraz
   42      | vyraz . '^' vyraz
   43      | vyraz . '|' vyraz
   44      | vyraz . AND vyraz
   45      | vyraz . OR vyraz
   57      | '-' vyraz .

    $default  reduce using rule 57 (vyraz)


state 36

   25 vyraz: '!' vyraz .
   28      | vyraz . '*' vyraz
   29      | vyraz . '/' vyraz
   30      | vyraz . '%' vyraz
   31      | vyraz . '+' vyraz
   32      | vyraz . '-' vyraz
   33      | vyraz . POSUNVLEVO vyraz
   34      | vyraz . POSUNVPRAVO vyraz
   35      | vyraz . '<' vyraz
   36      | vyraz . '>' vyraz
   37      | vyraz . MENSIROVNO vyraz
   38      | vyraz . VETSIROVNO vyraz
   39      | vyraz . ROVNO vyraz
   40      | vyraz . NENIROVNO vyraz
   41      | vyraz . '&' vyraz
   42      | vyraz . '^' vyraz
   43      | vyraz . '|' vyraz
   44      | vyraz . AND vyraz
   45      | vyraz . OR vyraz

    $default  reduce using rule 25 (vyraz)


state 37

   27 vyraz: '~' vyraz .
   28      | vyraz . '*' vyraz
   29      | vyraz . '/' vyraz
   30      | vyraz . '%' vyraz
   31      | vyraz . '+' vyraz
   32      | vyraz . '-' vyraz
   33      | vyraz . POSUNVLEVO vyraz
   34      | vyraz . POSUNVPRAVO vyraz
   35      | vyraz . '<' vyraz
   36      | vyraz . '>' vyraz
   37      | vyraz . MENSIROVNO vyraz
   38      | vyraz . VETSIROVNO vyraz
   39      | vyraz . ROVNO vyraz
   40      | vyraz . NENIROVNO vyraz
   41      | vyraz . '&' vyraz
   42      | vyraz . '^' vyraz
   43      | vyraz . '|' vyraz
   44      | vyraz . AND vyraz
   45      | vyraz . OR vyraz

    $default  reduce using rule 27 (vyraz)


state 38

   26 vyraz: NOT vyraz .
   28      | vyraz . '*' vyraz
   29      | vyraz . '/' vyraz
   30      | vyraz . '%' vyraz
   31      | vyraz . '+' vyraz
   32      | vyraz . '-' vyraz
   33      | vyraz . POSUNVLEVO vyraz
   34      | vyraz . POSUNVPRAVO vyraz
   35      | vyraz . '<' vyraz
   36      | vyraz . '>' vyraz
   37      | vyraz . MENSIROVNO vyraz
   38      | vyraz . VETSIROVNO vyraz
   39      | vyraz . ROVNO vyraz
   40      | vyraz . NENIROVNO vyraz
   41      | vyraz . '&' vyraz
   42      | vyraz . '^' vyraz
   43      | vyraz . '|' vyraz
   44      | vyraz . AND vyraz
   45      | vyraz . OR vyraz

    $default  reduce using rule 26 (vyraz)


state 39

   22 vyraz: DEKREM promenna .

    $default  reduce using rule 22 (vyraz)


state 40

   21 vyraz: INKREM promenna .

    $default  reduce using rule 21 (vyraz)


state 41

    4 prikaz: '{' prikazy . '}'
   12       | '{' prikazy . error '}'

    error  shift, and go to state 87
    '}'    shift, and go to state 88


state 42

   62 vyraz: '(' error . ')'

    ')'  shift, and go to state 89


state 43

   28 vyraz: vyraz . '*' vyraz
   29      | vyraz . '/' vyraz
   30      | vyraz . '%' vyraz
   31      | vyraz . '+' vyraz
   32      | vyraz . '-' vyraz
   33      | vyraz . POSUNVLEVO vyraz
   34      | vyraz . POSUNVPRAVO vyraz
   35      | vyraz . '<' vyraz
   36      | vyraz . '>' vyraz
   37      | vyraz . MENSIROVNO vyraz
   38      | vyraz . VETSIROVNO vyraz
   39      | vyraz . ROVNO vyraz
   40      | vyraz . NENIROVNO vyraz
   41      | vyraz . '&' vyraz
   42      | vyraz . '^' vyraz
   43      | vyraz . '|' vyraz
   44      | vyraz . AND vyraz
   45      | vyraz . OR vyraz
   59      | '(' vyraz . ')'

    OR           shift, and go to state 46
    AND          shift, and go to state 47
    '|'          shift, and go to state 48
    '^'          shift, and go to state 49
    '&'          shift, and go to state 50
    NENIROVNO    shift, and go to state 51
    ROVNO        shift, and go to state 52
    '<'          shift, and go to state 53
    '>'          shift, and go to state 54
    VETSIROVNO   shift, and go to state 55
    MENSIROVNO   shift, and go to state 56
    POSUNVPRAVO  shift, and go to state 57
    POSUNVLEVO   shift, and go to state 58
    '+'          shift, and go to state 59
    '-'          shift, and go to state 60
    '*'          shift, and go to state 61
    '/'          shift, and go to state 62
    '%'          shift, and go to state 63
    ')'          shift, and go to state 90


state 44

    1 program: '{' prikazy '}' .

    $default  reduce using rule 1 (program)


state 45

    2 prikazy: prikaz prikazy .

    $default  reduce using rule 2 (prikazy)


state 46

   45 vyraz: vyraz OR . vyraz

    CISLO     shift, and go to state 4
    PROMENNA  shift, and go to state 5
    '+'       shift, and go to state 12
    '-'       shift, and go to state 13
    '!'       shift, and go to state 14
    '~'       shift, and go to state 15
    NOT       shift, and go to state 16
    DEKREM    shift, and go to state 17
    INKREM    shift, and go to state 18
    '('       shift, and go to state 21

    vyraz     go to state 91
    promenna  go to state 25


state 47

   44 vyraz: vyraz AND . vyraz

    CISLO     shift, and go to state 4
    PROMENNA  shift, and go to state 5
    '+'       shift, and go to state 12
    '-'       shift, and go to state 13
    '!'       shift, and go to state 14
    '~'       shift, and go to state 15
    NOT       shift, and go to state 16
    DEKREM    shift, and go to state 17
    INKREM    shift, and go to state 18
    '('       shift, and go to state 21

    vyraz     go to state 92
    promenna  go to state 25


state 48

   43 vyraz: vyraz '|' . vyraz

    CISLO     shift, and go to state 4
    PROMENNA  shift, and go to state 5
    '+'       shift, and go to state 12
    '-'       shift, and go to state 13
    '!'       shift, and go to state 14
    '~'       shift, and go to state 15
    NOT       shift, and go to state 16
    DEKREM    shift, and go to state 17
    INKREM    shift, and go to state 18
    '('       shift, and go to state 21

    vyraz     go to state 93
    promenna  go to state 25


state 49

   42 vyraz: vyraz '^' . vyraz

    CISLO     shift, and go to state 4
    PROMENNA  shift, and go to state 5
    '+'       shift, and go to state 12
    '-'       shift, and go to state 13
    '!'       shift, and go to state 14
    '~'       shift, and go to state 15
    NOT       shift, and go to state 16
    DEKREM    shift, and go to state 17
    INKREM    shift, and go to state 18
    '('       shift, and go to state 21

    vyraz     go to state 94
    promenna  go to state 25


state 50

   41 vyraz: vyraz '&' . vyraz

    CISLO     shift, and go to state 4
    PROMENNA  shift, and go to state 5
    '+'       shift, and go to state 12
    '-'       shift, and go to state 13
    '!'       shift, and go to state 14
    '~'       shift, and go to state 15
    NOT       shift, and go to state 16
    DEKREM    shift, and go to state 17
    INKREM    shift, and go to state 18
    '('       shift, and go to state 21

    vyraz     go to state 95
    promenna  go to state 25


state 51

   40 vyraz: vyraz NENIROVNO . vyraz

    CISLO     shift, and go to state 4
    PROMENNA  shift, and go to state 5
    '+'       shift, and go to state 12
    '-'       shift, and go to state 13
    '!'       shift, and go to state 14
    '~'       shift, and go to state 15
    NOT       shift, and go to state 16
    DEKREM    shift, and go to state 17
    INKREM    shift, and go to state 18
    '('       shift, and go to state 21

    vyraz     go to state 96
    promenna  go to state 25


state 52

   39 vyraz: vyraz ROVNO . vyraz

    CISLO     shift, and go to state 4
    PROMENNA  shift, and go to state 5
    '+'       shift, and go to state 12
    '-'       shift, and go to state 13
    '!'       shift, and go to state 14
    '~'       shift, and go to state 15
    NOT       shift, and go to state 16
    DEKREM    shift, and go to state 17
    INKREM    shift, and go to state 18
    '('       shift, and go to state 21

    vyraz     go to state 97
    promenna  go to state 25


state 53

   35 vyraz: vyraz '<' . vyraz

    CISLO     shift, and go to state 4
    PROMENNA  shift, and go to state 5
    '+'       shift, and go to state 12
    '-'       shift, and go to state 13
    '!'       shift, and go to state 14
    '~'       shift, and go to state 15
    NOT       shift, and go to state 16
    DEKREM    shift, and go to state 17
    INKREM    shift, and go to state 18
    '('       shift, and go to state 21

    vyraz     go to state 98
    promenna  go to state 25


state 54

   36 vyraz: vyraz '>' . vyraz

    CISLO     shift, and go to state 4
    PROMENNA  shift, and go to state 5
    '+'       shift, and go to state 12
    '-'       shift, and go to state 13
    '!'       shift, and go to state 14
    '~'       shift, and go to state 15
    NOT       shift, and go to state 16
    DEKREM    shift, and go to state 17
    INKREM    shift, and go to state 18
    '('       shift, and go to state 21

    vyraz     go to state 99
    promenna  go to state 25


state 55

   38 vyraz: vyraz VETSIROVNO . vyraz

    CISLO     shift, and go to state 4
    PROMENNA  shift, and go to state 5
    '+'       shift, and go to state 12
    '-'       shift, and go to state 13
    '!'       shift, and go to state 14
    '~'       shift, and go to state 15
    NOT       shift, and go to state 16
    DEKREM    shift, and go to state 17
    INKREM    shift, and go to state 18
    '('       shift, and go to state 21

    vyraz     go to state 100
    promenna  go to state 25


state 56

   37 vyraz: vyraz MENSIROVNO . vyraz

    CISLO     shift, and go to state 4
    PROMENNA  shift, and go to state 5
    '+'       shift, and go to state 12
    '-'       shift, and go to state 13
    '!'       shift, and go to state 14
    '~'       shift, and go to state 15
    NOT       shift, and go to state 16
    DEKREM    shift, and go to state 17
    INKREM    shift, and go to state 18
    '('       shift, and go to state 21

    vyraz     go to state 101
    promenna  go to state 25


state 57

   34 vyraz: vyraz POSUNVPRAVO . vyraz

    CISLO     shift, and go to state 4
    PROMENNA  shift, and go to state 5
    '+'       shift, and go to state 12
    '-'       shift, and go to state 13
    '!'       shift, and go to state 14
    '~'       shift, and go to state 15
    NOT       shift, and go to state 16
    DEKREM    shift, and go to state 17
    INKREM    shift, and go to state 18
    '('       shift, and go to state 21

    vyraz     go to state 102
    promenna  go to state 25


state 58

   33 vyraz: vyraz POSUNVLEVO . vyraz

    CISLO     shift, and go to state 4
    PROMENNA  shift, and go to state 5
    '+'       shift, and go to state 12
    '-'       shift, and go to state 13
    '!'       shift, and go to state 14
    '~'       shift, and go to state 15
    NOT       shift, and go to state 16
    DEKREM    shift, and go to state 17
    INKREM    shift, and go to state 18
    '('       shift, and go to state 21

    vyraz     go to state 103
    promenna  go to state 25


state 59

   31 vyraz: vyraz '+' . vyraz

    CISLO     shift, and go to state 4
    PROMENNA  shift, and go to state 5
    '+'       shift, and go to state 12
    '-'       shift, and go to state 13
    '!'       shift, and go to state 14
    '~'       shift, and go to state 15
    NOT       shift, and go to state 16
    DEKREM    shift, and go to state 17
    INKREM    shift, and go to state 18
    '('       shift, and go to state 21

    vyraz     go to state 104
    promenna  go to state 25


state 60

   32 vyraz: vyraz '-' . vyraz

    CISLO     shift, and go to state 4
    PROMENNA  shift, and go to state 5
    '+'       shift, and go to state 12
    '-'       shift, and go to state 13
    '!'       shift, and go to state 14
    '~'       shift, and go to state 15
    NOT       shift, and go to state 16
    DEKREM    shift, and go to state 17
    INKREM    shift, and go to state 18
    '('       shift, and go to state 21

    vyraz     go to state 105
    promenna  go to state 25


state 61

   28 vyraz: vyraz '*' . vyraz

    CISLO     shift, and go to state 4
    PROMENNA  shift, and go to state 5
    '+'       shift, and go to state 12
    '-'       shift, and go to state 13
    '!'       shift, and go to state 14
    '~'       shift, and go to state 15
    NOT       shift, and go to state 16
    DEKREM    shift, and go to state 17
    INKREM    shift, and go to state 18
    '('       shift, and go to state 21

    vyraz     go to state 106
    promenna  go to state 25


state 62

   29 vyraz: vyraz '/' . vyraz

    CISLO     shift, and go to state 4
    PROMENNA  shift, and go to state 5
    '+'       shift, and go to state 12
    '-'       shift, and go to state 13
    '!'       shift, and go to state 14
    '~'       shift, and go to state 15
    NOT       shift, and go to state 16
    DEKREM    shift, and go to state 17
    INKREM    shift, and go to state 18
    '('       shift, and go to state 21

    vyraz     go to state 107
    promenna  go to state 25


state 63

   30 vyraz: vyraz '%' . vyraz

    CISLO     shift, and go to state 4
    PROMENNA  shift, and go to state 5
    '+'       shift, and go to state 12
    '-'       shift, and go to state 13
    '!'       shift, and go to state 14
    '~'       shift, and go to state 15
    NOT       shift, and go to state 16
    DEKREM    shift, and go to state 17
    INKREM    shift, and go to state 18
    '('       shift, and go to state 21

    vyraz     go to state 108
    promenna  go to state 25


state 64

    5 prikaz: vyraz ';' .

    $default  reduce using rule 5 (prikaz)


state 65

   46 vyraz: promenna '=' . vyraz

    CISLO     shift, and go to state 4
    PROMENNA  shift, and go to state 5
    '+'       shift, and go to state 12
    '-'       shift, and go to state 13
    '!'       shift, and go to state 14
    '~'       shift, and go to state 15
    NOT       shift, and go to state 16
    DEKREM    shift, and go to state 17
    INKREM    shift, and go to state 18
    '('       shift, and go to state 21

    vyraz     go to state 109
    promenna  go to state 25


state 66

   56 vyraz: promenna P_OR . vyraz

    CISLO     shift, and go to state 4
    PROMENNA  shift, and go to state 5
    '+'       shift, and go to state 12
    '-'       shift, and go to state 13
    '!'       shift, and go to state 14
    '~'       shift, and go to state 15
    NOT       shift, and go to state 16
    DEKREM    shift, and go to state 17
    INKREM    shift, and go to state 18
    '('       shift, and go to state 21

    vyraz     go to state 110
    promenna  go to state 25


state 67

   55 vyraz: promenna P_XOR . vyraz

    CISLO     shift, and go to state 4
    PROMENNA  shift, and go to state 5
    '+'       shift, and go to state 12
    '-'       shift, and go to state 13
    '!'       shift, and go to state 14
    '~'       shift, and go to state 15
    NOT       shift, and go to state 16
    DEKREM    shift, and go to state 17
    INKREM    shift, and go to state 18
    '('       shift, and go to state 21

    vyraz     go to state 111
    promenna  go to state 25


state 68

   54 vyraz: promenna P_AND . vyraz

    CISLO     shift, and go to state 4
    PROMENNA  shift, and go to state 5
    '+'       shift, and go to state 12
    '-'       shift, and go to state 13
    '!'       shift, and go to state 14
    '~'       shift, and go to state 15
    NOT       shift, and go to state 16
    DEKREM    shift, and go to state 17
    INKREM    shift, and go to state 18
    '('       shift, and go to state 21

    vyraz     go to state 112
    promenna  go to state 25


state 69

   53 vyraz: promenna P_POSUNVPRAVO . vyraz

    CISLO     shift, and go to state 4
    PROMENNA  shift, and go to state 5
    '+'       shift, and go to state 12
    '-'       shift, and go to state 13
    '!'       shift, and go to state 14
    '~'       shift, and go to state 15
    NOT       shift, and go to state 16
    DEKREM    shift, and go to state 17
    INKREM    shift, and go to state 18
    '('       shift, and go to state 21

    vyraz     go to state 113
    promenna  go to state 25


state 70

   52 vyraz: promenna P_POSUNVLEVO . vyraz

    CISLO     shift, and go to state 4
    PROMENNA  shift, and go to state 5
    '+'       shift, and go to state 12
    '-'       shift, and go to state 13
    '!'       shift, and go to state 14
    '~'       shift, and go to state 15
    NOT       shift, and go to state 16
    DEKREM    shift, and go to state 17
    INKREM    shift, and go to state 18
    '('       shift, and go to state 21

    vyraz     go to state 114
    promenna  go to state 25


state 71

   51 vyraz: promenna P_ODECT . vyraz

    CISLO     shift, and go to state 4
    PROMENNA  shift, and go to state 5
    '+'       shift, and go to state 12
    '-'       shift, and go to state 13
    '!'       shift, and go to state 14
    '~'       shift, and go to state 15
    NOT       shift, and go to state 16
    DEKREM    shift, and go to state 17
    INKREM    shift, and go to state 18
    '('       shift, and go to state 21

    vyraz     go to state 115
    promenna  go to state 25


state 72

   50 vyraz: promenna P_PRICT . vyraz

    CISLO     shift, and go to state 4
    PROMENNA  shift, and go to state 5
    '+'       shift, and go to state 12
    '-'       shift, and go to state 13
    '!'       shift, and go to state 14
    '~'       shift, and go to state 15
    NOT       shift, and go to state 16
    DEKREM    shift, and go to state 17
    INKREM    shift, and go to state 18
    '('       shift, and go to state 21

    vyraz     go to state 116
    promenna  go to state 25


state 73

   49 vyraz: promenna P_MODUL . vyraz

    CISLO     shift, and go to state 4
    PROMENNA  shift, and go to state 5
    '+'       shift, and go to state 12
    '-'       shift, and go to state 13
    '!'       shift, and go to state 14
    '~'       shift, and go to state 15
    NOT       shift, and go to state 16
    DEKREM    shift, and go to state 17
    INKREM    shift, and go to state 18
    '('       shift, and go to state 21

    vyraz     go to state 117
    promenna  go to state 25


state 74

   48 vyraz: promenna P_DELEN . vyraz

    CISLO     shift, and go to state 4
    PROMENNA  shift, and go to state 5
    '+'       shift, and go to state 12
    '-'       shift, and go to state 13
    '!'       shift, and go to state 14
    '~'       shift, and go to state 15
    NOT       shift, and go to state 16
    DEKREM    shift, and go to state 17
    INKREM    shift, and go to state 18
    '('       shift, and go to state 21

    vyraz     go to state 118
    promenna  go to state 25


state 75

   47 vyraz: promenna P_NASOB . vyraz

    CISLO     shift, and go to state 4
    PROMENNA  shift, and go to state 5
    '+'       shift, and go to state 12
    '-'       shift, and go to state 13
    '!'       shift, and go to state 14
    '~'       shift, and go to state 15
    NOT       shift, and go to state 16
    DEKREM    shift, and go to state 17
    INKREM    shift, and go to state 18
    '('       shift, and go to state 21

    vyraz     go to state 119
    promenna  go to state 25


state 76

   24 vyraz: promenna DEKREM .

    $default  reduce using rule 24 (vyraz)


state 77

   23 vyraz: promenna INKREM .

    $default  reduce using rule 23 (vyraz)


state 78

    7 prikaz: IF '(' vyraz . ')' prikaz
    8       | IF '(' vyraz . ')' prikaz ELSE prikaz
   28 vyraz: vyraz . '*' vyraz
   29      | vyraz . '/' vyraz
   30      | vyraz . '%' vyraz
   31      | vyraz . '+' vyraz
   32      | vyraz . '-' vyraz
   33      | vyraz . POSUNVLEVO vyraz
   34      | vyraz . POSUNVPRAVO vyraz
   35      | vyraz . '<' vyraz
   36      | vyraz . '>' vyraz
   37      | vyraz . MENSIROVNO vyraz
   38      | vyraz . VETSIROVNO vyraz
   39      | vyraz . ROVNO vyraz
   40      | vyraz . NENIROVNO vyraz
   41      | vyraz . '&' vyraz
   42      | vyraz . '^' vyraz
   43      | vyraz . '|' vyraz
   44      | vyraz . AND vyraz
   45      | vyraz . OR vyraz

    OR           shift, and go to state 46
    AND          shift, and go to state 47
    '|'          shift, and go to state 48
    '^'          shift, and go to state 49
    '&'          shift, and go to state 50
    NENIROVNO    shift, and go to state 51
    ROVNO        shift, and go to state 52
    '<'          shift, and go to state 53
    '>'          shift, and go to state 54
    VETSIROVNO   shift, and go to state 55
    MENSIROVNO   shift, and go to state 56
    POSUNVPRAVO  shift, and go to state 57
    POSUNVLEVO   shift, and go to state 58
    '+'          shift, and go to state 59
    '-'          shift, and go to state 60
    '*'          shift, and go to state 61
    '/'          shift, and go to state 62
    '%'          shift, and go to state 63
    ')'          shift, and go to state 120


state 79

    9 prikaz: FOR '(' vyrazf . ';' vyraz ';' vyrazf ')' prikaz

    ';'  shift, and go to state 121


state 80

   14 vyrazf: vyraz .
   28 vyraz: vyraz . '*' vyraz
   29      | vyraz . '/' vyraz
   30      | vyraz . '%' vyraz
   31      | vyraz . '+' vyraz
   32      | vyraz . '-' vyraz
   33      | vyraz . POSUNVLEVO vyraz
   34      | vyraz . POSUNVPRAVO vyraz
   35      | vyraz . '<' vyraz
   36      | vyraz . '>' vyraz
   37      | vyraz . MENSIROVNO vyraz
   38      | vyraz . VETSIROVNO vyraz
   39      | vyraz . ROVNO vyraz
   40      | vyraz . NENIROVNO vyraz
   41      | vyraz . '&' vyraz
   42      | vyraz . '^' vyraz
   43      | vyraz . '|' vyraz
   44      | vyraz . AND vyraz
   45      | vyraz . OR vyraz

    OR           shift, and go to state 46
    AND          shift, and go to state 47
    '|'          shift, and go to state 48
    '^'          shift, and go to state 49
    '&'          shift, and go to state 50
    NENIROVNO    shift, and go to state 51
    ROVNO        shift, and go to state 52
    '<'          shift, and go to state 53
    '>'          shift, and go to state 54
    VETSIROVNO   shift, and go to state 55
    MENSIROVNO   shift, and go to state 56
    POSUNVPRAVO  shift, and go to state 57
    POSUNVLEVO   shift, and go to state 58
    '+'          shift, and go to state 59
    '-'          shift, and go to state 60
    '*'          shift, and go to state 61
    '/'          shift, and go to state 62
    '%'          shift, and go to state 63

    $default  reduce using rule 14 (vyrazf)


state 81

   10 prikaz: WHILE '(' vyraz . ')' prikaz
   28 vyraz: vyraz . '*' vyraz
   29      | vyraz . '/' vyraz
   30      | vyraz . '%' vyraz
   31      | vyraz . '+' vyraz
   32      | vyraz . '-' vyraz
   33      | vyraz . POSUNVLEVO vyraz
   34      | vyraz . POSUNVPRAVO vyraz
   35      | vyraz . '<' vyraz
   36      | vyraz . '>' vyraz
   37      | vyraz . MENSIROVNO vyraz
   38      | vyraz . VETSIROVNO vyraz
   39      | vyraz . ROVNO vyraz
   40      | vyraz . NENIROVNO vyraz
   41      | vyraz . '&' vyraz
   42      | vyraz . '^' vyraz
   43      | vyraz . '|' vyraz
   44      | vyraz . AND vyraz
   45      | vyraz . OR vyraz

    OR           shift, and go to state 46
    AND          shift, and go to state 47
    '|'          shift, and go to state 48
    '^'          shift, and go to state 49
    '&'          shift, and go to state 50
    NENIROVNO    shift, and go to state 51
    ROVNO        shift, and go to state 52
    '<'          shift, and go to state 53
    '>'          shift, and go to state 54
    VETSIROVNO   shift, and go to state 55
    MENSIROVNO   shift, and go to state 56
    POSUNVPRAVO  shift, and go to state 57
    POSUNVLEVO   shift, and go to state 58
    '+'          shift, and go to state 59
    '-'          shift, and go to state 60
    '*'          shift, and go to state 61
    '/'          shift, and go to state 62
    '%'          shift, and go to state 63
    ')'          shift, and go to state 122


state 82

   11 prikaz: DO prikaz WHILE . '(' vyraz ')' ';'

    '('  shift, and go to state 123


state 83

   20 retez: RETEZ .

    $default  reduce using rule 20 (retez)


state 84

   17 prikaz: PRINT '(' retez . ')' ';'
   18       | PRINT '(' retez . ',' vyraz ')' ';'

    ')'  shift, and go to state 124
    ','  shift, and go to state 125


state 85

   16 prikaz: PRINT '(' vyraz . ')' ';'
   28 vyraz: vyraz . '*' vyraz
   29      | vyraz . '/' vyraz
   30      | vyraz . '%' vyraz
   31      | vyraz . '+' vyraz
   32      | vyraz . '-' vyraz
   33      | vyraz . POSUNVLEVO vyraz
   34      | vyraz . POSUNVPRAVO vyraz
   35      | vyraz . '<' vyraz
   36      | vyraz . '>' vyraz
   37      | vyraz . MENSIROVNO vyraz
   38      | vyraz . VETSIROVNO vyraz
   39      | vyraz . ROVNO vyraz
   40      | vyraz . NENIROVNO vyraz
   41      | vyraz . '&' vyraz
   42      | vyraz . '^' vyraz
   43      | vyraz . '|' vyraz
   44      | vyraz . AND vyraz
   45      | vyraz . OR vyraz

    OR           shift, and go to state 46
    AND          shift, and go to state 47
    '|'          shift, and go to state 48
    '^'          shift, and go to state 49
    '&'          shift, and go to state 50
    NENIROVNO    shift, and go to state 51
    ROVNO        shift, and go to state 52
    '<'          shift, and go to state 53
    '>'          shift, and go to state 54
    VETSIROVNO   shift, and go to state 55
    MENSIROVNO   shift, and go to state 56
    POSUNVPRAVO  shift, and go to state 57
    POSUNVLEVO   shift, and go to state 58
    '+'          shift, and go to state 59
    '-'          shift, and go to state 60
    '*'          shift, and go to state 61
    '/'          shift, and go to state 62
    '%'          shift, and go to state 63
    ')'          shift, and go to state 126


state 86

   19 prikaz: SCAN '(' promenna . ')' ';'

    ')'  shift, and go to state 127


state 87

   12 prikaz: '{' prikazy error . '}'

    '}'  shift, and go to state 128


state 88

    4 prikaz: '{' prikazy '}' .

    $default  reduce using rule 4 (prikaz)


state 89

   62 vyraz: '(' error ')' .

    $default  reduce using rule 62 (vyraz)


state 90

   59 vyraz: '(' vyraz ')' .

    $default  reduce using rule 59 (vyraz)


state 91

   28 vyraz: vyraz . '*' vyraz
   29      | vyraz . '/' vyraz
   30      | vyraz . '%' vyraz
   31      | vyraz . '+' vyraz
   32      | vyraz . '-' vyraz
   33      | vyraz . POSUNVLEVO vyraz
   34      | vyraz . POSUNVPRAVO vyraz
   35      | vyraz . '<' vyraz
   36      | vyraz . '>' vyraz
   37      | vyraz . MENSIROVNO vyraz
   38      | vyraz . VETSIROVNO vyraz
   39      | vyraz . ROVNO vyraz
   40      | vyraz . NENIROVNO vyraz
   41      | vyraz . '&' vyraz
   42      | vyraz . '^' vyraz
   43      | vyraz . '|' vyraz
   44      | vyraz . AND vyraz
   45      | vyraz . OR vyraz
   45      | vyraz OR vyraz .

    AND          shift, and go to state 47
    '|'          shift, and go to state 48
    '^'          shift, and go to state 49
    '&'          shift, and go to state 50
    NENIROVNO    shift, and go to state 51
    ROVNO        shift, and go to state 52
    '<'          shift, and go to state 53
    '>'          shift, and go to state 54
    VETSIROVNO   shift, and go to state 55
    MENSIROVNO   shift, and go to state 56
    POSUNVPRAVO  shift, and go to state 57
    POSUNVLEVO   shift, and go to state 58
    '+'          shift, and go to state 59
    '-'          shift, and go to state 60
    '*'          shift, and go to state 61
    '/'          shift, and go to state 62
    '%'          shift, and go to state 63

    $default  reduce using rule 45 (vyraz)


state 92

   28 vyraz: vyraz . '*' vyraz
   29      | vyraz . '/' vyraz
   30      | vyraz . '%' vyraz
   31      | vyraz . '+' vyraz
   32      | vyraz . '-' vyraz
   33      | vyraz . POSUNVLEVO vyraz
   34      | vyraz . POSUNVPRAVO vyraz
   35      | vyraz . '<' vyraz
   36      | vyraz . '>' vyraz
   37      | vyraz . MENSIROVNO vyraz
   38      | vyraz . VETSIROVNO vyraz
   39      | vyraz . ROVNO vyraz
   40      | vyraz . NENIROVNO vyraz
   41      | vyraz . '&' vyraz
   42      | vyraz . '^' vyraz
   43      | vyraz . '|' vyraz
   44      | vyraz . AND vyraz
   44      | vyraz AND vyraz .
   45      | vyraz . OR vyraz

    '|'          shift, and go to state 48
    '^'          shift, and go to state 49
    '&'          shift, and go to state 50
    NENIROVNO    shift, and go to state 51
    ROVNO        shift, and go to state 52
    '<'          shift, and go to state 53
    '>'          shift, and go to state 54
    VETSIROVNO   shift, and go to state 55
    MENSIROVNO   shift, and go to state 56
    POSUNVPRAVO  shift, and go to state 57
    POSUNVLEVO   shift, and go to state 58
    '+'          shift, and go to state 59
    '-'          shift, and go to state 60
    '*'          shift, and go to state 61
    '/'          shift, and go to state 62
    '%'          shift, and go to state 63

    $default  reduce using rule 44 (vyraz)


state 93

   28 vyraz: vyraz . '*' vyraz
   29      | vyraz . '/' vyraz
   30      | vyraz . '%' vyraz
   31      | vyraz . '+' vyraz
   32      | vyraz . '-' vyraz
   33      | vyraz . POSUNVLEVO vyraz
   34      | vyraz . POSUNVPRAVO vyraz
   35      | vyraz . '<' vyraz
   36      | vyraz . '>' vyraz
   37      | vyraz . MENSIROVNO vyraz
   38      | vyraz . VETSIROVNO vyraz
   39      | vyraz . ROVNO vyraz
   40      | vyraz . NENIROVNO vyraz
   41      | vyraz . '&' vyraz
   42      | vyraz . '^' vyraz
   43      | vyraz . '|' vyraz
   43      | vyraz '|' vyraz .
   44      | vyraz . AND vyraz
   45      | vyraz . OR vyraz

    '^'          shift, and go to state 49
    '&'          shift, and go to state 50
    NENIROVNO    shift, and go to state 51
    ROVNO        shift, and go to state 52
    '<'          shift, and go to state 53
    '>'          shift, and go to state 54
    VETSIROVNO   shift, and go to state 55
    MENSIROVNO   shift, and go to state 56
    POSUNVPRAVO  shift, and go to state 57
    POSUNVLEVO   shift, and go to state 58
    '+'          shift, and go to state 59
    '-'          shift, and go to state 60
    '*'          shift, and go to state 61
    '/'          shift, and go to state 62
    '%'          shift, and go to state 63

    $default  reduce using rule 43 (vyraz)


state 94

   28 vyraz: vyraz . '*' vyraz
   29      | vyraz . '/' vyraz
   30      | vyraz . '%' vyraz
   31      | vyraz . '+' vyraz
   32      | vyraz . '-' vyraz
   33      | vyraz . POSUNVLEVO vyraz
   34      | vyraz . POSUNVPRAVO vyraz
   35      | vyraz . '<' vyraz
   36      | vyraz . '>' vyraz
   37      | vyraz . MENSIROVNO vyraz
   38      | vyraz . VETSIROVNO vyraz
   39      | vyraz . ROVNO vyraz
   40      | vyraz . NENIROVNO vyraz
   41      | vyraz . '&' vyraz
   42      | vyraz . '^' vyraz
   42      | vyraz '^' vyraz .
   43      | vyraz . '|' vyraz
   44      | vyraz . AND vyraz
   45      | vyraz . OR vyraz

    '&'          shift, and go to state 50
    NENIROVNO    shift, and go to state 51
    ROVNO        shift, and go to state 52
    '<'          shift, and go to state 53
    '>'          shift, and go to state 54
    VETSIROVNO   shift, and go to state 55
    MENSIROVNO   shift, and go to state 56
    POSUNVPRAVO  shift, and go to state 57
    POSUNVLEVO   shift, and go to state 58
    '+'          shift, and go to state 59
    '-'          shift, and go to state 60
    '*'          shift, and go to state 61
    '/'          shift, and go to state 62
    '%'          shift, and go to state 63

    $default  reduce using rule 42 (vyraz)


state 95

   28 vyraz: vyraz . '*' vyraz
   29      | vyraz . '/' vyraz
   30      | vyraz . '%' vyraz
   31      | vyraz . '+' vyraz
   32      | vyraz . '-' vyraz
   33      | vyraz . POSUNVLEVO vyraz
   34      | vyraz . POSUNVPRAVO vyraz
   35      | vyraz . '<' vyraz
   36      | vyraz . '>' vyraz
   37      | vyraz . MENSIROVNO vyraz
   38      | vyraz . VETSIROVNO vyraz
   39      | vyraz . ROVNO vyraz
   40      | vyraz . NENIROVNO vyraz
   41      | vyraz . '&' vyraz
   41      | vyraz '&' vyraz .
   42      | vyraz . '^' vyraz
   43      | vyraz . '|' vyraz
   44      | vyraz . AND vyraz
   45      | vyraz . OR vyraz

    NENIROVNO    shift, and go to state 51
    ROVNO        shift, and go to state 52
    '<'          shift, and go to state 53
    '>'          shift, and go to state 54
    VETSIROVNO   shift, and go to state 55
    MENSIROVNO   shift, and go to state 56
    POSUNVPRAVO  shift, and go to state 57
    POSUNVLEVO   shift, and go to state 58
    '+'          shift, and go to state 59
    '-'          shift, and go to state 60
    '*'          shift, and go to state 61
    '/'          shift, and go to state 62
    '%'          shift, and go to state 63

    $default  reduce using rule 41 (vyraz)


state 96

   28 vyraz: vyraz . '*' vyraz
   29      | vyraz . '/' vyraz
   30      | vyraz . '%' vyraz
   31      | vyraz . '+' vyraz
   32      | vyraz . '-' vyraz
   33      | vyraz . POSUNVLEVO vyraz
   34      | vyraz . POSUNVPRAVO vyraz
   35      | vyraz . '<' vyraz
   36      | vyraz . '>' vyraz
   37      | vyraz . MENSIROVNO vyraz
   38      | vyraz . VETSIROVNO vyraz
   39      | vyraz . ROVNO vyraz
   40      | vyraz . NENIROVNO vyraz
   40      | vyraz NENIROVNO vyraz .
   41      | vyraz . '&' vyraz
   42      | vyraz . '^' vyraz
   43      | vyraz . '|' vyraz
   44      | vyraz . AND vyraz
   45      | vyraz . OR vyraz

    '<'          shift, and go to state 53
    '>'          shift, and go to state 54
    VETSIROVNO   shift, and go to state 55
    MENSIROVNO   shift, and go to state 56
    POSUNVPRAVO  shift, and go to state 57
    POSUNVLEVO   shift, and go to state 58
    '+'          shift, and go to state 59
    '-'          shift, and go to state 60
    '*'          shift, and go to state 61
    '/'          shift, and go to state 62
    '%'          shift, and go to state 63

    $default  reduce using rule 40 (vyraz)


state 97

   28 vyraz: vyraz . '*' vyraz
   29      | vyraz . '/' vyraz
   30      | vyraz . '%' vyraz
   31      | vyraz . '+' vyraz
   32      | vyraz . '-' vyraz
   33      | vyraz . POSUNVLEVO vyraz
   34      | vyraz . POSUNVPRAVO vyraz
   35      | vyraz . '<' vyraz
   36      | vyraz . '>' vyraz
   37      | vyraz . MENSIROVNO vyraz
   38      | vyraz . VETSIROVNO vyraz
   39      | vyraz . ROVNO vyraz
   39      | vyraz ROVNO vyraz .
   40      | vyraz . NENIROVNO vyraz
   41      | vyraz . '&' vyraz
   42      | vyraz . '^' vyraz
   43      | vyraz . '|' vyraz
   44      | vyraz . AND vyraz
   45      | vyraz . OR vyraz

    '<'          shift, and go to state 53
    '>'          shift, and go to state 54
    VETSIROVNO   shift, and go to state 55
    MENSIROVNO   shift, and go to state 56
    POSUNVPRAVO  shift, and go to state 57
    POSUNVLEVO   shift, and go to state 58
    '+'          shift, and go to state 59
    '-'          shift, and go to state 60
    '*'          shift, and go to state 61
    '/'          shift, and go to state 62
    '%'          shift, and go to state 63

    $default  reduce using rule 39 (vyraz)


state 98

   28 vyraz: vyraz . '*' vyraz
   29      | vyraz . '/' vyraz
   30      | vyraz . '%' vyraz
   31      | vyraz . '+' vyraz
   32      | vyraz . '-' vyraz
   33      | vyraz . POSUNVLEVO vyraz
   34      | vyraz . POSUNVPRAVO vyraz
   35      | vyraz . '<' vyraz
   35      | vyraz '<' vyraz .
   36      | vyraz . '>' vyraz
   37      | vyraz . MENSIROVNO vyraz
   38      | vyraz . VETSIROVNO vyraz
   39      | vyraz . ROVNO vyraz
   40      | vyraz . NENIROVNO vyraz
   41      | vyraz . '&' vyraz
   42      | vyraz . '^' vyraz
   43      | vyraz . '|' vyraz
   44      | vyraz . AND vyraz
   45      | vyraz . OR vyraz

    POSUNVPRAVO  shift, and go to state 57
    POSUNVLEVO   shift, and go to state 58
    '+'          shift, and go to state 59
    '-'          shift, and go to state 60
    '*'          shift, and go to state 61
    '/'          shift, and go to state 62
    '%'          shift, and go to state 63

    $default  reduce using rule 35 (vyraz)


state 99

   28 vyraz: vyraz . '*' vyraz
   29      | vyraz . '/' vyraz
   30      | vyraz . '%' vyraz
   31      | vyraz . '+' vyraz
   32      | vyraz . '-' vyraz
   33      | vyraz . POSUNVLEVO vyraz
   34      | vyraz . POSUNVPRAVO vyraz
   35      | vyraz . '<' vyraz
   36      | vyraz . '>' vyraz
   36      | vyraz '>' vyraz .
   37      | vyraz . MENSIROVNO vyraz
   38      | vyraz . VETSIROVNO vyraz
   39      | vyraz . ROVNO vyraz
   40      | vyraz . NENIROVNO vyraz
   41      | vyraz . '&' vyraz
   42      | vyraz . '^' vyraz
   43      | vyraz . '|' vyraz
   44      | vyraz . AND vyraz
   45      | vyraz . OR vyraz

    POSUNVPRAVO  shift, and go to state 57
    POSUNVLEVO   shift, and go to state 58
    '+'          shift, and go to state 59
    '-'          shift, and go to state 60
    '*'          shift, and go to state 61
    '/'          shift, and go to state 62
    '%'          shift, and go to state 63

    $default  reduce using rule 36 (vyraz)


state 100

   28 vyraz: vyraz . '*' vyraz
   29      | vyraz . '/' vyraz
   30      | vyraz . '%' vyraz
   31      | vyraz . '+' vyraz
   32      | vyraz . '-' vyraz
   33      | vyraz . POSUNVLEVO vyraz
   34      | vyraz . POSUNVPRAVO vyraz
   35      | vyraz . '<' vyraz
   36      | vyraz . '>' vyraz
   37      | vyraz . MENSIROVNO vyraz
   38      | vyraz . VETSIROVNO vyraz
   38      | vyraz VETSIROVNO vyraz .
   39      | vyraz . ROVNO vyraz
   40      | vyraz . NENIROVNO vyraz
   41      | vyraz . '&' vyraz
   42      | vyraz . '^' vyraz
   43      | vyraz . '|' vyraz
   44      | vyraz . AND vyraz
   45      | vyraz . OR vyraz

    POSUNVPRAVO  shift, and go to state 57
    POSUNVLEVO   shift, and go to state 58
    '+'          shift, and go to state 59
    '-'          shift, and go to state 60
    '*'          shift, and go to state 61
    '/'          shift, and go to state 62
    '%'          shift, and go to state 63

    $default  reduce using rule 38 (vyraz)


state 101

   28 vyraz: vyraz . '*' vyraz
   29      | vyraz . '/' vyraz
   30      | vyraz . '%' vyraz
   31      | vyraz . '+' vyraz
   32      | vyraz . '-' vyraz
   33      | vyraz . POSUNVLEVO vyraz
   34      | vyraz . POSUNVPRAVO vyraz
   35      | vyraz . '<' vyraz
   36      | vyraz . '>' vyraz
   37      | vyraz . MENSIROVNO vyraz
   37      | vyraz MENSIROVNO vyraz .
   38      | vyraz . VETSIROVNO vyraz
   39      | vyraz . ROVNO vyraz
   40      | vyraz . NENIROVNO vyraz
   41      | vyraz . '&' vyraz
   42      | vyraz . '^' vyraz
   43      | vyraz . '|' vyraz
   44      | vyraz . AND vyraz
   45      | vyraz . OR vyraz

    POSUNVPRAVO  shift, and go to state 57
    POSUNVLEVO   shift, and go to state 58
    '+'          shift, and go to state 59
    '-'          shift, and go to state 60
    '*'          shift, and go to state 61
    '/'          shift, and go to state 62
    '%'          shift, and go to state 63

    $default  reduce using rule 37 (vyraz)


state 102

   28 vyraz: vyraz . '*' vyraz
   29      | vyraz . '/' vyraz
   30      | vyraz . '%' vyraz
   31      | vyraz . '+' vyraz
   32      | vyraz . '-' vyraz
   33      | vyraz . POSUNVLEVO vyraz
   34      | vyraz . POSUNVPRAVO vyraz
   34      | vyraz POSUNVPRAVO vyraz .
   35      | vyraz . '<' vyraz
   36      | vyraz . '>' vyraz
   37      | vyraz . MENSIROVNO vyraz
   38      | vyraz . VETSIROVNO vyraz
   39      | vyraz . ROVNO vyraz
   40      | vyraz . NENIROVNO vyraz
   41      | vyraz . '&' vyraz
   42      | vyraz . '^' vyraz
   43      | vyraz . '|' vyraz
   44      | vyraz . AND vyraz
   45      | vyraz . OR vyraz

    '+'  shift, and go to state 59
    '-'  shift, and go to state 60
    '*'  shift, and go to state 61
    '/'  shift, and go to state 62
    '%'  shift, and go to state 63

    $default  reduce using rule 34 (vyraz)


state 103

   28 vyraz: vyraz . '*' vyraz
   29      | vyraz . '/' vyraz
   30      | vyraz . '%' vyraz
   31      | vyraz . '+' vyraz
   32      | vyraz . '-' vyraz
   33      | vyraz . POSUNVLEVO vyraz
   33      | vyraz POSUNVLEVO vyraz .
   34      | vyraz . POSUNVPRAVO vyraz
   35      | vyraz . '<' vyraz
   36      | vyraz . '>' vyraz
   37      | vyraz . MENSIROVNO vyraz
   38      | vyraz . VETSIROVNO vyraz
   39      | vyraz . ROVNO vyraz
   40      | vyraz . NENIROVNO vyraz
   41      | vyraz . '&' vyraz
   42      | vyraz . '^' vyraz
   43      | vyraz . '|' vyraz
   44      | vyraz . AND vyraz
   45      | vyraz . OR vyraz

    '+'  shift, and go to state 59
    '-'  shift, and go to state 60
    '*'  shift, and go to state 61
    '/'  shift, and go to state 62
    '%'  shift, and go to state 63

    $default  reduce using rule 33 (vyraz)


state 104

   28 vyraz: vyraz . '*' vyraz
   29      | vyraz . '/' vyraz
   30      | vyraz . '%' vyraz
   31      | vyraz . '+' vyraz
   31      | vyraz '+' vyraz .
   32      | vyraz . '-' vyraz
   33      | vyraz . POSUNVLEVO vyraz
   34      | vyraz . POSUNVPRAVO vyraz
   35      | vyraz . '<' vyraz
   36      | vyraz . '>' vyraz
   37      | vyraz . MENSIROVNO vyraz
   38      | vyraz . VETSIROVNO vyraz
   39      | vyraz . ROVNO vyraz
   40      | vyraz . NENIROVNO vyraz
   41      | vyraz . '&' vyraz
   42      | vyraz . '^' vyraz
   43      | vyraz . '|' vyraz
   44      | vyraz . AND vyraz
   45      | vyraz . OR vyraz

    '*'  shift, and go to state 61
    '/'  shift, and go to state 62
    '%'  shift, and go to state 63

    $default  reduce using rule 31 (vyraz)


state 105

   28 vyraz: vyraz . '*' vyraz
   29      | vyraz . '/' vyraz
   30      | vyraz . '%' vyraz
   31      | vyraz . '+' vyraz
   32      | vyraz . '-' vyraz
   32      | vyraz '-' vyraz .
   33      | vyraz . POSUNVLEVO vyraz
   34      | vyraz . POSUNVPRAVO vyraz
   35      | vyraz . '<' vyraz
   36      | vyraz . '>' vyraz
   37      | vyraz . MENSIROVNO vyraz
   38      | vyraz . VETSIROVNO vyraz
   39      | vyraz . ROVNO vyraz
   40      | vyraz . NENIROVNO vyraz
   41      | vyraz . '&' vyraz
   42      | vyraz . '^' vyraz
   43      | vyraz . '|' vyraz
   44      | vyraz . AND vyraz
   45      | vyraz . OR vyraz

    '*'  shift, and go to state 61
    '/'  shift, and go to state 62
    '%'  shift, and go to state 63

    $default  reduce using rule 32 (vyraz)


state 106

   28 vyraz: vyraz . '*' vyraz
   28      | vyraz '*' vyraz .
   29      | vyraz . '/' vyraz
   30      | vyraz . '%' vyraz
   31      | vyraz . '+' vyraz
   32      | vyraz . '-' vyraz
   33      | vyraz . POSUNVLEVO vyraz
   34      | vyraz . POSUNVPRAVO vyraz
   35      | vyraz . '<' vyraz
   36      | vyraz . '>' vyraz
   37      | vyraz . MENSIROVNO vyraz
   38      | vyraz . VETSIROVNO vyraz
   39      | vyraz . ROVNO vyraz
   40      | vyraz . NENIROVNO vyraz
   41      | vyraz . '&' vyraz
   42      | vyraz . '^' vyraz
   43      | vyraz . '|' vyraz
   44      | vyraz . AND vyraz
   45      | vyraz . OR vyraz

    $default  reduce using rule 28 (vyraz)


state 107

   28 vyraz: vyraz . '*' vyraz
   29      | vyraz . '/' vyraz
   29      | vyraz '/' vyraz .
   30      | vyraz . '%' vyraz
   31      | vyraz . '+' vyraz
   32      | vyraz . '-' vyraz
   33      | vyraz . POSUNVLEVO vyraz
   34      | vyraz . POSUNVPRAVO vyraz
   35      | vyraz . '<' vyraz
   36      | vyraz . '>' vyraz
   37      | vyraz . MENSIROVNO vyraz
   38      | vyraz . VETSIROVNO vyraz
   39      | vyraz . ROVNO vyraz
   40      | vyraz . NENIROVNO vyraz
   41      | vyraz . '&' vyraz
   42      | vyraz . '^' vyraz
   43      | vyraz . '|' vyraz
   44      | vyraz . AND vyraz
   45      | vyraz . OR vyraz

    $default  reduce using rule 29 (vyraz)


state 108

   28 vyraz: vyraz . '*' vyraz
   29      | vyraz . '/' vyraz
   30      | vyraz . '%' vyraz
   30      | vyraz '%' vyraz .
   31      | vyraz . '+' vyraz
   32      | vyraz . '-' vyraz
   33      | vyraz . POSUNVLEVO vyraz
   34      | vyraz . POSUNVPRAVO vyraz
   35      | vyraz . '<' vyraz
   36      | vyraz . '>' vyraz
   37      | vyraz . MENSIROVNO vyraz
   38      | vyraz . VETSIROVNO vyraz
   39      | vyraz . ROVNO vyraz
   40      | vyraz . NENIROVNO vyraz
   41      | vyraz . '&' vyraz
   42      | vyraz . '^' vyraz
   43      | vyraz . '|' vyraz
   44      | vyraz . AND vyraz
   45      | vyraz . OR vyraz

    $default  reduce using rule 30 (vyraz)


state 109

   28 vyraz: vyraz . '*' vyraz
   29      | vyraz . '/' vyraz
   30      | vyraz . '%' vyraz
   31      | vyraz . '+' vyraz
   32      | vyraz . '-' vyraz
   33      | vyraz . POSUNVLEVO vyraz
   34      | vyraz . POSUNVPRAVO vyraz
   35      | vyraz . '<' vyraz
   36      | vyraz . '>' vyraz
   37      | vyraz . MENSIROVNO vyraz
   38      | vyraz . VETSIROVNO vyraz
   39      | vyraz . ROVNO vyraz
   40      | vyraz . NENIROVNO vyraz
   41      | vyraz . '&' vyraz
   42      | vyraz . '^' vyraz
   43      | vyraz . '|' vyraz
   44      | vyraz . AND vyraz
   45      | vyraz . OR vyraz
   46      | promenna '=' vyraz .

    OR           shift, and go to state 46
    AND          shift, and go to state 47
    '|'          shift, and go to state 48
    '^'          shift, and go to state 49
    '&'          shift, and go to state 50
    NENIROVNO    shift, and go to state 51
    ROVNO        shift, and go to state 52
    '<'          shift, and go to state 53
    '>'          shift, and go to state 54
    VETSIROVNO   shift, and go to state 55
    MENSIROVNO   shift, and go to state 56
    POSUNVPRAVO  shift, and go to state 57
    POSUNVLEVO   shift, and go to state 58
    '+'          shift, and go to state 59
    '-'          shift, and go to state 60
    '*'          shift, and go to state 61
    '/'          shift, and go to state 62
    '%'          shift, and go to state 63

    $default  reduce using rule 46 (vyraz)


state 110

   28 vyraz: vyraz . '*' vyraz
   29      | vyraz . '/' vyraz
   30      | vyraz . '%' vyraz
   31      | vyraz . '+' vyraz
   32      | vyraz . '-' vyraz
   33      | vyraz . POSUNVLEVO vyraz
   34      | vyraz . POSUNVPRAVO vyraz
   35      | vyraz . '<' vyraz
   36      | vyraz . '>' vyraz
   37      | vyraz . MENSIROVNO vyraz
   38      | vyraz . VETSIROVNO vyraz
   39      | vyraz . ROVNO vyraz
   40      | vyraz . NENIROVNO vyraz
   41      | vyraz . '&' vyraz
   42      | vyraz . '^' vyraz
   43      | vyraz . '|' vyraz
   44      | vyraz . AND vyraz
   45      | vyraz . OR vyraz
   56      | promenna P_OR vyraz .

    OR           shift, and go to state 46
    AND          shift, and go to state 47
    '|'          shift, and go to state 48
    '^'          shift, and go to state 49
    '&'          shift, and go to state 50
    NENIROVNO    shift, and go to state 51
    ROVNO        shift, and go to state 52
    '<'          shift, and go to state 53
    '>'          shift, and go to state 54
    VETSIROVNO   shift, and go to state 55
    MENSIROVNO   shift, and go to state 56
    POSUNVPRAVO  shift, and go to state 57
    POSUNVLEVO   shift, and go to state 58
    '+'          shift, and go to state 59
    '-'          shift, and go to state 60
    '*'          shift, and go to state 61
    '/'          shift, and go to state 62
    '%'          shift, and go to state 63

    $default  reduce using rule 56 (vyraz)


state 111

   28 vyraz: vyraz . '*' vyraz
   29      | vyraz . '/' vyraz
   30      | vyraz . '%' vyraz
   31      | vyraz . '+' vyraz
   32      | vyraz . '-' vyraz
   33      | vyraz . POSUNVLEVO vyraz
   34      | vyraz . POSUNVPRAVO vyraz
   35      | vyraz . '<' vyraz
   36      | vyraz . '>' vyraz
   37      | vyraz . MENSIROVNO vyraz
   38      | vyraz . VETSIROVNO vyraz
   39      | vyraz . ROVNO vyraz
   40      | vyraz . NENIROVNO vyraz
   41      | vyraz . '&' vyraz
   42      | vyraz . '^' vyraz
   43      | vyraz . '|' vyraz
   44      | vyraz . AND vyraz
   45      | vyraz . OR vyraz
   55      | promenna P_XOR vyraz .

    OR           shift, and go to state 46
    AND          shift, and go to state 47
    '|'          shift, and go to state 48
    '^'          shift, and go to state 49
    '&'          shift, and go to state 50
    NENIROVNO    shift, and go to state 51
    ROVNO        shift, and go to state 52
    '<'          shift, and go to state 53
    '>'          shift, and go to state 54
    VETSIROVNO   shift, and go to state 55
    MENSIROVNO   shift, and go to state 56
    POSUNVPRAVO  shift, and go to state 57
    POSUNVLEVO   shift, and go to state 58
    '+'          shift, and go to state 59
    '-'          shift, and go to state 60
    '*'          shift, and go to state 61
    '/'          shift, and go to state 62
    '%'          shift, and go to state 63

    $default  reduce using rule 55 (vyraz)


state 112

   28 vyraz: vyraz . '*' vyraz
   29      | vyraz . '/' vyraz
   30      | vyraz . '%' vyraz
   31      | vyraz . '+' vyraz
   32      | vyraz . '-' vyraz
   33      | vyraz . POSUNVLEVO vyraz
   34      | vyraz . POSUNVPRAVO vyraz
   35      | vyraz . '<' vyraz
   36      | vyraz . '>' vyraz
   37      | vyraz . MENSIROVNO vyraz
   38      | vyraz . VETSIROVNO vyraz
   39      | vyraz . ROVNO vyraz
   40      | vyraz . NENIROVNO vyraz
   41      | vyraz . '&' vyraz
   42      | vyraz . '^' vyraz
   43      | vyraz . '|' vyraz
   44      | vyraz . AND vyraz
   45      | vyraz . OR vyraz
   54      | promenna P_AND vyraz .

    OR           shift, and go to state 46
    AND          shift, and go to state 47
    '|'          shift, and go to state 48
    '^'          shift, and go to state 49
    '&'          shift, and go to state 50
    NENIROVNO    shift, and go to state 51
    ROVNO        shift, and go to state 52
    '<'          shift, and go to state 53
    '>'          shift, and go to state 54
    VETSIROVNO   shift, and go to state 55
    MENSIROVNO   shift, and go to state 56
    POSUNVPRAVO  shift, and go to state 57
    POSUNVLEVO   shift, and go to state 58
    '+'          shift, and go to state 59
    '-'          shift, and go to state 60
    '*'          shift, and go to state 61
    '/'          shift, and go to state 62
    '%'          shift, and go to state 63

    $default  reduce using rule 54 (vyraz)


state 113

   28 vyraz: vyraz . '*' vyraz
   29      | vyraz . '/' vyraz
   30      | vyraz . '%' vyraz
   31      | vyraz . '+' vyraz
   32      | vyraz . '-' vyraz
   33      | vyraz . POSUNVLEVO vyraz
   34      | vyraz . POSUNVPRAVO vyraz
   35      | vyraz . '<' vyraz
   36      | vyraz . '>' vyraz
   37      | vyraz . MENSIROVNO vyraz
   38      | vyraz . VETSIROVNO vyraz
   39      | vyraz . ROVNO vyraz
   40      | vyraz . NENIROVNO vyraz
   41      | vyraz . '&' vyraz
   42      | vyraz . '^' vyraz
   43      | vyraz . '|' vyraz
   44      | vyraz . AND vyraz
   45      | vyraz . OR vyraz
   53      | promenna P_POSUNVPRAVO vyraz .

    OR           shift, and go to state 46
    AND          shift, and go to state 47
    '|'          shift, and go to state 48
    '^'          shift, and go to state 49
    '&'          shift, and go to state 50
    NENIROVNO    shift, and go to state 51
    ROVNO        shift, and go to state 52
    '<'          shift, and go to state 53
    '>'          shift, and go to state 54
    VETSIROVNO   shift, and go to state 55
    MENSIROVNO   shift, and go to state 56
    POSUNVPRAVO  shift, and go to state 57
    POSUNVLEVO   shift, and go to state 58
    '+'          shift, and go to state 59
    '-'          shift, and go to state 60
    '*'          shift, and go to state 61
    '/'          shift, and go to state 62
    '%'          shift, and go to state 63

    $default  reduce using rule 53 (vyraz)


state 114

   28 vyraz: vyraz . '*' vyraz
   29      | vyraz . '/' vyraz
   30      | vyraz . '%' vyraz
   31      | vyraz . '+' vyraz
   32      | vyraz . '-' vyraz
   33      | vyraz . POSUNVLEVO vyraz
   34      | vyraz . POSUNVPRAVO vyraz
   35      | vyraz . '<' vyraz
   36      | vyraz . '>' vyraz
   37      | vyraz . MENSIROVNO vyraz
   38      | vyraz . VETSIROVNO vyraz
   39      | vyraz . ROVNO vyraz
   40      | vyraz . NENIROVNO vyraz
   41      | vyraz . '&' vyraz
   42      | vyraz . '^' vyraz
   43      | vyraz . '|' vyraz
   44      | vyraz . AND vyraz
   45      | vyraz . OR vyraz
   52      | promenna P_POSUNVLEVO vyraz .

    OR           shift, and go to state 46
    AND          shift, and go to state 47
    '|'          shift, and go to state 48
    '^'          shift, and go to state 49
    '&'          shift, and go to state 50
    NENIROVNO    shift, and go to state 51
    ROVNO        shift, and go to state 52
    '<'          shift, and go to state 53
    '>'          shift, and go to state 54
    VETSIROVNO   shift, and go to state 55
    MENSIROVNO   shift, and go to state 56
    POSUNVPRAVO  shift, and go to state 57
    POSUNVLEVO   shift, and go to state 58
    '+'          shift, and go to state 59
    '-'          shift, and go to state 60
    '*'          shift, and go to state 61
    '/'          shift, and go to state 62
    '%'          shift, and go to state 63

    $default  reduce using rule 52 (vyraz)


state 115

   28 vyraz: vyraz . '*' vyraz
   29      | vyraz . '/' vyraz
   30      | vyraz . '%' vyraz
   31      | vyraz . '+' vyraz
   32      | vyraz . '-' vyraz
   33      | vyraz . POSUNVLEVO vyraz
   34      | vyraz . POSUNVPRAVO vyraz
   35      | vyraz . '<' vyraz
   36      | vyraz . '>' vyraz
   37      | vyraz . MENSIROVNO vyraz
   38      | vyraz . VETSIROVNO vyraz
   39      | vyraz . ROVNO vyraz
   40      | vyraz . NENIROVNO vyraz
   41      | vyraz . '&' vyraz
   42      | vyraz . '^' vyraz
   43      | vyraz . '|' vyraz
   44      | vyraz . AND vyraz
   45      | vyraz . OR vyraz
   51      | promenna P_ODECT vyraz .

    OR           shift, and go to state 46
    AND          shift, and go to state 47
    '|'          shift, and go to state 48
    '^'          shift, and go to state 49
    '&'          shift, and go to state 50
    NENIROVNO    shift, and go to state 51
    ROVNO        shift, and go to state 52
    '<'          shift, and go to state 53
    '>'          shift, and go to state 54
    VETSIROVNO   shift, and go to state 55
    MENSIROVNO   shift, and go to state 56
    POSUNVPRAVO  shift, and go to state 57
    POSUNVLEVO   shift, and go to state 58
    '+'          shift, and go to state 59
    '-'          shift, and go to state 60
    '*'          shift, and go to state 61
    '/'          shift, and go to state 62
    '%'          shift, and go to state 63

    $default  reduce using rule 51 (vyraz)


state 116

   28 vyraz: vyraz . '*' vyraz
   29      | vyraz . '/' vyraz
   30      | vyraz . '%' vyraz
   31      | vyraz . '+' vyraz
   32      | vyraz . '-' vyraz
   33      | vyraz . POSUNVLEVO vyraz
   34      | vyraz . POSUNVPRAVO vyraz
   35      | vyraz . '<' vyraz
   36      | vyraz . '>' vyraz
   37      | vyraz . MENSIROVNO vyraz
   38      | vyraz . VETSIROVNO vyraz
   39      | vyraz . ROVNO vyraz
   40      | vyraz . NENIROVNO vyraz
   41      | vyraz . '&' vyraz
   42      | vyraz . '^' vyraz
   43      | vyraz . '|' vyraz
   44      | vyraz . AND vyraz
   45      | vyraz . OR vyraz
   50      | promenna P_PRICT vyraz .

    OR           shift, and go to state 46
    AND          shift, and go to state 47
    '|'          shift, and go to state 48
    '^'          shift, and go to state 49
    '&'          shift, and go to state 50
    NENIROVNO    shift, and go to state 51
    ROVNO        shift, and go to state 52
    '<'          shift, and go to state 53
    '>'          shift, and go to state 54
    VETSIROVNO   shift, and go to state 55
    MENSIROVNO   shift, and go to state 56
    POSUNVPRAVO  shift, and go to state 57
    POSUNVLEVO   shift, and go to state 58
    '+'          shift, and go to state 59
    '-'          shift, and go to state 60
    '*'          shift, and go to state 61
    '/'          shift, and go to state 62
    '%'          shift, and go to state 63

    $default  reduce using rule 50 (vyraz)


state 117

   28 vyraz: vyraz . '*' vyraz
   29      | vyraz . '/' vyraz
   30      | vyraz . '%' vyraz
   31      | vyraz . '+' vyraz
   32      | vyraz . '-' vyraz
   33      | vyraz . POSUNVLEVO vyraz
   34      | vyraz . POSUNVPRAVO vyraz
   35      | vyraz . '<' vyraz
   36      | vyraz . '>' vyraz
   37      | vyraz . MENSIROVNO vyraz
   38      | vyraz . VETSIROVNO vyraz
   39      | vyraz . ROVNO vyraz
   40      | vyraz . NENIROVNO vyraz
   41      | vyraz . '&' vyraz
   42      | vyraz . '^' vyraz
   43      | vyraz . '|' vyraz
   44      | vyraz . AND vyraz
   45      | vyraz . OR vyraz
   49      | promenna P_MODUL vyraz .

    OR           shift, and go to state 46
    AND          shift, and go to state 47
    '|'          shift, and go to state 48
    '^'          shift, and go to state 49
    '&'          shift, and go to state 50
    NENIROVNO    shift, and go to state 51
    ROVNO        shift, and go to state 52
    '<'          shift, and go to state 53
    '>'          shift, and go to state 54
    VETSIROVNO   shift, and go to state 55
    MENSIROVNO   shift, and go to state 56
    POSUNVPRAVO  shift, and go to state 57
    POSUNVLEVO   shift, and go to state 58
    '+'          shift, and go to state 59
    '-'          shift, and go to state 60
    '*'          shift, and go to state 61
    '/'          shift, and go to state 62
    '%'          shift, and go to state 63

    $default  reduce using rule 49 (vyraz)


state 118

   28 vyraz: vyraz . '*' vyraz
   29      | vyraz . '/' vyraz
   30      | vyraz . '%' vyraz
   31      | vyraz . '+' vyraz
   32      | vyraz . '-' vyraz
   33      | vyraz . POSUNVLEVO vyraz
   34      | vyraz . POSUNVPRAVO vyraz
   35      | vyraz . '<' vyraz
   36      | vyraz . '>' vyraz
   37      | vyraz . MENSIROVNO vyraz
   38      | vyraz . VETSIROVNO vyraz
   39      | vyraz . ROVNO vyraz
   40      | vyraz . NENIROVNO vyraz
   41      | vyraz . '&' vyraz
   42      | vyraz . '^' vyraz
   43      | vyraz . '|' vyraz
   44      | vyraz . AND vyraz
   45      | vyraz . OR vyraz
   48      | promenna P_DELEN vyraz .

    OR           shift, and go to state 46
    AND          shift, and go to state 47
    '|'          shift, and go to state 48
    '^'          shift, and go to state 49
    '&'          shift, and go to state 50
    NENIROVNO    shift, and go to state 51
    ROVNO        shift, and go to state 52
    '<'          shift, and go to state 53
    '>'          shift, and go to state 54
    VETSIROVNO   shift, and go to state 55
    MENSIROVNO   shift, and go to state 56
    POSUNVPRAVO  shift, and go to state 57
    POSUNVLEVO   shift, and go to state 58
    '+'          shift, and go to state 59
    '-'          shift, and go to state 60
    '*'          shift, and go to state 61
    '/'          shift, and go to state 62
    '%'          shift, and go to state 63

    $default  reduce using rule 48 (vyraz)


state 119

   28 vyraz: vyraz . '*' vyraz
   29      | vyraz . '/' vyraz
   30      | vyraz . '%' vyraz
   31      | vyraz . '+' vyraz
   32      | vyraz . '-' vyraz
   33      | vyraz . POSUNVLEVO vyraz
   34      | vyraz . POSUNVPRAVO vyraz
   35      | vyraz . '<' vyraz
   36      | vyraz . '>' vyraz
   37      | vyraz . MENSIROVNO vyraz
   38      | vyraz . VETSIROVNO vyraz
   39      | vyraz . ROVNO vyraz
   40      | vyraz . NENIROVNO vyraz
   41      | vyraz . '&' vyraz
   42      | vyraz . '^' vyraz
   43      | vyraz . '|' vyraz
   44      | vyraz . AND vyraz
   45      | vyraz . OR vyraz
   47      | promenna P_NASOB vyraz .

    OR           shift, and go to state 46
    AND          shift, and go to state 47
    '|'          shift, and go to state 48
    '^'          shift, and go to state 49
    '&'          shift, and go to state 50
    NENIROVNO    shift, and go to state 51
    ROVNO        shift, and go to state 52
    '<'          shift, and go to state 53
    '>'          shift, and go to state 54
    VETSIROVNO   shift, and go to state 55
    MENSIROVNO   shift, and go to state 56
    POSUNVPRAVO  shift, and go to state 57
    POSUNVLEVO   shift, and go to state 58
    '+'          shift, and go to state 59
    '-'          shift, and go to state 60
    '*'          shift, and go to state 61
    '/'          shift, and go to state 62
    '%'          shift, and go to state 63

    $default  reduce using rule 47 (vyraz)


state 120

    7 prikaz: IF '(' vyraz ')' . prikaz
    8       | IF '(' vyraz ')' . prikaz ELSE prikaz

    error     shift, and go to state 3
    CISLO     shift, and go to state 4
    PROMENNA  shift, and go to state 5
    IF        shift, and go to state 6
    FOR       shift, and go to state 7
    WHILE     shift, and go to state 8
    DO        shift, and go to state 9
    PRINT     shift, and go to state 10
    SCAN      shift, and go to state 11
    '+'       shift, and go to state 12
    '-'       shift, and go to state 13
    '!'       shift, and go to state 14
    '~'       shift, and go to state 15
    NOT       shift, and go to state 16
    DEKREM    shift, and go to state 17
    INKREM    shift, and go to state 18
    '{'       shift, and go to state 19
    ';'       shift, and go to state 20
    '('       shift, and go to state 21

    prikaz    go to state 129
    vyraz     go to state 24
    promenna  go to state 25


state 121

    9 prikaz: FOR '(' vyrazf ';' . vyraz ';' vyrazf ')' prikaz

    CISLO     shift, and go to state 4
    PROMENNA  shift, and go to state 5
    '+'       shift, and go to state 12
    '-'       shift, and go to state 13
    '!'       shift, and go to state 14
    '~'       shift, and go to state 15
    NOT       shift, and go to state 16
    DEKREM    shift, and go to state 17
    INKREM    shift, and go to state 18
    '('       shift, and go to state 21

    vyraz     go to state 130
    promenna  go to state 25


state 122

   10 prikaz: WHILE '(' vyraz ')' . prikaz

    error     shift, and go to state 3
    CISLO     shift, and go to state 4
    PROMENNA  shift, and go to state 5
    IF        shift, and go to state 6
    FOR       shift, and go to state 7
    WHILE     shift, and go to state 8
    DO        shift, and go to state 9
    PRINT     shift, and go to state 10
    SCAN      shift, and go to state 11
    '+'       shift, and go to state 12
    '-'       shift, and go to state 13
    '!'       shift, and go to state 14
    '~'       shift, and go to state 15
    NOT       shift, and go to state 16
    DEKREM    shift, and go to state 17
    INKREM    shift, and go to state 18
    '{'       shift, and go to state 19
    ';'       shift, and go to state 20
    '('       shift, and go to state 21

    prikaz    go to state 131
    vyraz     go to state 24
    promenna  go to state 25


state 123

   11 prikaz: DO prikaz WHILE '(' . vyraz ')' ';'

    CISLO     shift, and go to state 4
    PROMENNA  shift, and go to state 5
    '+'       shift, and go to state 12
    '-'       shift, and go to state 13
    '!'       shift, and go to state 14
    '~'       shift, and go to state 15
    NOT       shift, and go to state 16
    DEKREM    shift, and go to state 17
    INKREM    shift, and go to state 18
    '('       shift, and go to state 21

    vyraz     go to state 132
    promenna  go to state 25


state 124

   17 prikaz: PRINT '(' retez ')' . ';'

    ';'  shift, and go to state 133


state 125

   18 prikaz: PRINT '(' retez ',' . vyraz ')' ';'

    CISLO     shift, and go to state 4
    PROMENNA  shift, and go to state 5
    '+'       shift, and go to state 12
    '-'       shift, and go to state 13
    '!'       shift, and go to state 14
    '~'       shift, and go to state 15
    NOT       shift, and go to state 16
    DEKREM    shift, and go to state 17
    INKREM    shift, and go to state 18
    '('       shift, and go to state 21

    vyraz     go to state 134
    promenna  go to state 25


state 126

   16 prikaz: PRINT '(' vyraz ')' . ';'

    ';'  shift, and go to state 135


state 127

   19 prikaz: SCAN '(' promenna ')' . ';'

    ';'  shift, and go to state 136


state 128

   12 prikaz: '{' prikazy error '}' .

    $default  reduce using rule 12 (prikaz)


state 129

    7 prikaz: IF '(' vyraz ')' prikaz .
    8       | IF '(' vyraz ')' prikaz . ELSE prikaz

    ELSE  shift, and go to state 137

    ELSE      [reduce using rule 7 (prikaz)]
    $default  reduce using rule 7 (prikaz)


state 130

    9 prikaz: FOR '(' vyrazf ';' vyraz . ';' vyrazf ')' prikaz
   28 vyraz: vyraz . '*' vyraz
   29      | vyraz . '/' vyraz
   30      | vyraz . '%' vyraz
   31      | vyraz . '+' vyraz
   32      | vyraz . '-' vyraz
   33      | vyraz . POSUNVLEVO vyraz
   34      | vyraz . POSUNVPRAVO vyraz
   35      | vyraz . '<' vyraz
   36      | vyraz . '>' vyraz
   37      | vyraz . MENSIROVNO vyraz
   38      | vyraz . VETSIROVNO vyraz
   39      | vyraz . ROVNO vyraz
   40      | vyraz . NENIROVNO vyraz
   41      | vyraz . '&' vyraz
   42      | vyraz . '^' vyraz
   43      | vyraz . '|' vyraz
   44      | vyraz . AND vyraz
   45      | vyraz . OR vyraz

    OR           shift, and go to state 46
    AND          shift, and go to state 47
    '|'          shift, and go to state 48
    '^'          shift, and go to state 49
    '&'          shift, and go to state 50
    NENIROVNO    shift, and go to state 51
    ROVNO        shift, and go to state 52
    '<'          shift, and go to state 53
    '>'          shift, and go to state 54
    VETSIROVNO   shift, and go to state 55
    MENSIROVNO   shift, and go to state 56
    POSUNVPRAVO  shift, and go to state 57
    POSUNVLEVO   shift, and go to state 58
    '+'          shift, and go to state 59
    '-'          shift, and go to state 60
    '*'          shift, and go to state 61
    '/'          shift, and go to state 62
    '%'          shift, and go to state 63
    ';'          shift, and go to state 138


state 131

   10 prikaz: WHILE '(' vyraz ')' prikaz .

    $default  reduce using rule 10 (prikaz)


state 132

   11 prikaz: DO prikaz WHILE '(' vyraz . ')' ';'
   28 vyraz: vyraz . '*' vyraz
   29      | vyraz . '/' vyraz
   30      | vyraz . '%' vyraz
   31      | vyraz . '+' vyraz
   32      | vyraz . '-' vyraz
   33      | vyraz . POSUNVLEVO vyraz
   34      | vyraz . POSUNVPRAVO vyraz
   35      | vyraz . '<' vyraz
   36      | vyraz . '>' vyraz
   37      | vyraz . MENSIROVNO vyraz
   38      | vyraz . VETSIROVNO vyraz
   39      | vyraz . ROVNO vyraz
   40      | vyraz . NENIROVNO vyraz
   41      | vyraz . '&' vyraz
   42      | vyraz . '^' vyraz
   43      | vyraz . '|' vyraz
   44      | vyraz . AND vyraz
   45      | vyraz . OR vyraz

    OR           shift, and go to state 46
    AND          shift, and go to state 47
    '|'          shift, and go to state 48
    '^'          shift, and go to state 49
    '&'          shift, and go to state 50
    NENIROVNO    shift, and go to state 51
    ROVNO        shift, and go to state 52
    '<'          shift, and go to state 53
    '>'          shift, and go to state 54
    VETSIROVNO   shift, and go to state 55
    MENSIROVNO   shift, and go to state 56
    POSUNVPRAVO  shift, and go to state 57
    POSUNVLEVO   shift, and go to state 58
    '+'          shift, and go to state 59
    '-'          shift, and go to state 60
    '*'          shift, and go to state 61
    '/'          shift, and go to state 62
    '%'          shift, and go to state 63
    ')'          shift, and go to state 139


state 133

   17 prikaz: PRINT '(' retez ')' ';' .

    $default  reduce using rule 17 (prikaz)


state 134

   18 prikaz: PRINT '(' retez ',' vyraz . ')' ';'
   28 vyraz: vyraz . '*' vyraz
   29      | vyraz . '/' vyraz
   30      | vyraz . '%' vyraz
   31      | vyraz . '+' vyraz
   32      | vyraz . '-' vyraz
   33      | vyraz . POSUNVLEVO vyraz
   34      | vyraz . POSUNVPRAVO vyraz
   35      | vyraz . '<' vyraz
   36      | vyraz . '>' vyraz
   37      | vyraz . MENSIROVNO vyraz
   38      | vyraz . VETSIROVNO vyraz
   39      | vyraz . ROVNO vyraz
   40      | vyraz . NENIROVNO vyraz
   41      | vyraz . '&' vyraz
   42      | vyraz . '^' vyraz
   43      | vyraz . '|' vyraz
   44      | vyraz . AND vyraz
   45      | vyraz . OR vyraz

    OR           shift, and go to state 46
    AND          shift, and go to state 47
    '|'          shift, and go to state 48
    '^'          shift, and go to state 49
    '&'          shift, and go to state 50
    NENIROVNO    shift, and go to state 51
    ROVNO        shift, and go to state 52
    '<'          shift, and go to state 53
    '>'          shift, and go to state 54
    VETSIROVNO   shift, and go to state 55
    MENSIROVNO   shift, and go to state 56
    POSUNVPRAVO  shift, and go to state 57
    POSUNVLEVO   shift, and go to state 58
    '+'          shift, and go to state 59
    '-'          shift, and go to state 60
    '*'          shift, and go to state 61
    '/'          shift, and go to state 62
    '%'          shift, and go to state 63
    ')'          shift, and go to state 140


state 135

   16 prikaz: PRINT '(' vyraz ')' ';' .

    $default  reduce using rule 16 (prikaz)


state 136

   19 prikaz: SCAN '(' promenna ')' ';' .

    $default  reduce using rule 19 (prikaz)


state 137

    8 prikaz: IF '(' vyraz ')' prikaz ELSE . prikaz

    error     shift, and go to state 3
    CISLO     shift, and go to state 4
    PROMENNA  shift, and go to state 5
    IF        shift, and go to state 6
    FOR       shift, and go to state 7
    WHILE     shift, and go to state 8
    DO        shift, and go to state 9
    PRINT     shift, and go to state 10
    SCAN      shift, and go to state 11
    '+'       shift, and go to state 12
    '-'       shift, and go to state 13
    '!'       shift, and go to state 14
    '~'       shift, and go to state 15
    NOT       shift, and go to state 16
    DEKREM    shift, and go to state 17
    INKREM    shift, and go to state 18
    '{'       shift, and go to state 19
    ';'       shift, and go to state 20
    '('       shift, and go to state 21

    prikaz    go to state 141
    vyraz     go to state 24
    promenna  go to state 25


state 138

    9 prikaz: FOR '(' vyrazf ';' vyraz ';' . vyrazf ')' prikaz

    CISLO     shift, and go to state 4
    PROMENNA  shift, and go to state 5
    '+'       shift, and go to state 12
    '-'       shift, and go to state 13
    '!'       shift, and go to state 14
    '~'       shift, and go to state 15
    NOT       shift, and go to state 16
    DEKREM    shift, and go to state 17
    INKREM    shift, and go to state 18
    '('       shift, and go to state 21

    $default  reduce using rule 15 (vyrazf)

    vyrazf    go to state 142
    vyraz     go to state 80
    promenna  go to state 25


state 139

   11 prikaz: DO prikaz WHILE '(' vyraz ')' . ';'

    ';'  shift, and go to state 143


state 140

   18 prikaz: PRINT '(' retez ',' vyraz ')' . ';'

    ';'  shift, and go to state 144


state 141

    8 prikaz: IF '(' vyraz ')' prikaz ELSE prikaz .

    $default  reduce using rule 8 (prikaz)


state 142

    9 prikaz: FOR '(' vyrazf ';' vyraz ';' vyrazf . ')' prikaz

    ')'  shift, and go to state 145


state 143

   11 prikaz: DO prikaz WHILE '(' vyraz ')' ';' .

    $default  reduce using rule 11 (prikaz)


state 144

   18 prikaz: PRINT '(' retez ',' vyraz ')' ';' .

    $default  reduce using rule 18 (prikaz)


state 145

    9 prikaz: FOR '(' vyrazf ';' vyraz ';' vyrazf ')' . prikaz

    error     shift, and go to state 3
    CISLO     shift, and go to state 4
    PROMENNA  shift, and go to state 5
    IF        shift, and go to state 6
    FOR       shift, and go to state 7
    WHILE     shift, and go to state 8
    DO        shift, and go to state 9
    PRINT     shift, and go to state 10
    SCAN      shift, and go to state 11
    '+'       shift, and go to state 12
    '-'       shift, and go to state 13
    '!'       shift, and go to state 14
    '~'       shift, and go to state 15
    NOT       shift, and go to state 16
    DEKREM    shift, and go to state 17
    INKREM    shift, and go to state 18
    '{'       shift, and go to state 19
    ';'       shift, and go to state 20
    '('       shift, and go to state 21

    prikaz    go to state 146
    vyraz     go to state 24
    promenna  go to state 25


state 146

    9 prikaz: FOR '(' vyrazf ';' vyraz ';' vyrazf ')' prikaz .

    $default  reduce using rule 9 (prikaz)
